Performing C++ SOURCE FILE Test COMPILER_SUPPORT_Wshorten64to32 failed with the following output:
Change Dir: /usr/src/app/build/CMakeFiles/CMakeScratch/TryCompile-7celEP

Run Build Command(s):/usr/bin/gmake -f Makefile cmTC_2ca0c/fast && /usr/bin/gmake  -f CMakeFiles/cmTC_2ca0c.dir/build.make CMakeFiles/cmTC_2ca0c.dir/build
gmake[1]: Entering directory '/usr/src/app/build/CMakeFiles/CMakeScratch/TryCompile-7celEP'
Building CXX object CMakeFiles/cmTC_2ca0c.dir/src.cxx.o
/usr/bin/c++ -DCOMPILER_SUPPORT_Wshorten64to32  -std=c++03 -pedantic -Wall -Wextra -Wundef -Wcast-align -Wchar-subscripts -Wnon-virtual-dtor -Wunused-local-typedefs -Wpointer-arith -Wwrite-strings -Wformat-security -Werror   -Wshorten-64-to-32 -o CMakeFiles/cmTC_2ca0c.dir/src.cxx.o -c /usr/src/app/build/CMakeFiles/CMakeScratch/TryCompile-7celEP/src.cxx
c++: error: unrecognized command-line option '-Wshorten-64-to-32'
gmake[1]: *** [CMakeFiles/cmTC_2ca0c.dir/build.make:78: CMakeFiles/cmTC_2ca0c.dir/src.cxx.o] Error 1
gmake[1]: Leaving directory '/usr/src/app/build/CMakeFiles/CMakeScratch/TryCompile-7celEP'
gmake: *** [Makefile:127: cmTC_2ca0c/fast] Error 2


Source file was:
int main() { return 0; }

Performing C++ SOURCE FILE Test COMPILER_SUPPORT_wd981 failed with the following output:
Change Dir: /usr/src/app/build/CMakeFiles/CMakeScratch/TryCompile-EATSpX

Run Build Command(s):/usr/bin/gmake -f Makefile cmTC_a74d5/fast && /usr/bin/gmake  -f CMakeFiles/cmTC_a74d5.dir/build.make CMakeFiles/cmTC_a74d5.dir/build
gmake[1]: Entering directory '/usr/src/app/build/CMakeFiles/CMakeScratch/TryCompile-EATSpX'
Building CXX object CMakeFiles/cmTC_a74d5.dir/src.cxx.o
/usr/bin/c++ -DCOMPILER_SUPPORT_wd981  -std=c++03 -pedantic -Wall -Wextra -Wundef -Wcast-align -Wchar-subscripts -Wnon-virtual-dtor -Wunused-local-typedefs -Wpointer-arith -Wwrite-strings -Wformat-security -Wlogical-op -Wenum-conversion -Wc++11-extensions -Wdouble-promotion -Wshadow -Wno-psabi -Wno-variadic-macros -Wno-long-long -fno-check-new -fno-common -fstrict-aliasing -Werror   -wd981 -o CMakeFiles/cmTC_a74d5.dir/src.cxx.o -c /usr/src/app/build/CMakeFiles/CMakeScratch/TryCompile-EATSpX/src.cxx
c++: error: unrecognized command-line option '-wd981'
gmake[1]: *** [CMakeFiles/cmTC_a74d5.dir/build.make:78: CMakeFiles/cmTC_a74d5.dir/src.cxx.o] Error 1
gmake[1]: Leaving directory '/usr/src/app/build/CMakeFiles/CMakeScratch/TryCompile-EATSpX'
gmake: *** [Makefile:127: cmTC_a74d5/fast] Error 2


Source file was:
int main() { return 0; }

Performing C++ SOURCE FILE Test COMPILER_SUPPORT_wd2304 failed with the following output:
Change Dir: /usr/src/app/build/CMakeFiles/CMakeScratch/TryCompile-YwqNw5

Run Build Command(s):/usr/bin/gmake -f Makefile cmTC_fc05e/fast && /usr/bin/gmake  -f CMakeFiles/cmTC_fc05e.dir/build.make CMakeFiles/cmTC_fc05e.dir/build
gmake[1]: Entering directory '/usr/src/app/build/CMakeFiles/CMakeScratch/TryCompile-YwqNw5'
Building CXX object CMakeFiles/cmTC_fc05e.dir/src.cxx.o
/usr/bin/c++ -DCOMPILER_SUPPORT_wd2304  -std=c++03 -pedantic -Wall -Wextra -Wundef -Wcast-align -Wchar-subscripts -Wnon-virtual-dtor -Wunused-local-typedefs -Wpointer-arith -Wwrite-strings -Wformat-security -Wlogical-op -Wenum-conversion -Wc++11-extensions -Wdouble-promotion -Wshadow -Wno-psabi -Wno-variadic-macros -Wno-long-long -fno-check-new -fno-common -fstrict-aliasing -Werror   -wd2304 -o CMakeFiles/cmTC_fc05e.dir/src.cxx.o -c /usr/src/app/build/CMakeFiles/CMakeScratch/TryCompile-YwqNw5/src.cxx
c++: error: unrecognized command-line option '-wd2304'
gmake[1]: *** [CMakeFiles/cmTC_fc05e.dir/build.make:78: CMakeFiles/cmTC_fc05e.dir/src.cxx.o] Error 1
gmake[1]: Leaving directory '/usr/src/app/build/CMakeFiles/CMakeScratch/TryCompile-YwqNw5'
gmake: *** [Makefile:127: cmTC_fc05e/fast] Error 2


Source file was:
int main() { return 0; }

Performing C++ SOURCE FILE Test COMPILER_SUPPORT_STRICTANSI failed with the following output:
Change Dir: /usr/src/app/build/CMakeFiles/CMakeScratch/TryCompile-Vm3Yfw

Run Build Command(s):/usr/bin/gmake -f Makefile cmTC_658b1/fast && /usr/bin/gmake  -f CMakeFiles/cmTC_658b1.dir/build.make CMakeFiles/cmTC_658b1.dir/build
gmake[1]: Entering directory '/usr/src/app/build/CMakeFiles/CMakeScratch/TryCompile-Vm3Yfw'
Building CXX object CMakeFiles/cmTC_658b1.dir/src.cxx.o
/usr/bin/c++ -DCOMPILER_SUPPORT_STRICTANSI  -std=c++03 -pedantic -Wall -Wextra -Wundef -Wcast-align -Wchar-subscripts -Wnon-virtual-dtor -Wunused-local-typedefs -Wpointer-arith -Wwrite-strings -Wformat-security -Wlogical-op -Wenum-conversion -Wc++11-extensions -Wdouble-promotion -Wshadow -Wno-psabi -Wno-variadic-macros -Wno-long-long -fno-check-new -fno-common -fstrict-aliasing -Werror   -strict-ansi -o CMakeFiles/cmTC_658b1.dir/src.cxx.o -c /usr/src/app/build/CMakeFiles/CMakeScratch/TryCompile-Vm3Yfw/src.cxx
c++: error: unrecognized command-line option '-strict-ansi'; did you mean '-fstrict-enums'?
gmake[1]: *** [CMakeFiles/cmTC_658b1.dir/build.make:78: CMakeFiles/cmTC_658b1.dir/src.cxx.o] Error 1
gmake[1]: Leaving directory '/usr/src/app/build/CMakeFiles/CMakeScratch/TryCompile-Vm3Yfw'
gmake: *** [Makefile:127: cmTC_658b1/fast] Error 2


Source file was:
int main() { return 0; }

Performing C++ SOURCE FILE Test COMPILER_SUPPORT_Qunusedarguments failed with the following output:
Change Dir: /usr/src/app/build/CMakeFiles/CMakeScratch/TryCompile-Pt8sZP

Run Build Command(s):/usr/bin/gmake -f Makefile cmTC_f1c0b/fast && /usr/bin/gmake  -f CMakeFiles/cmTC_f1c0b.dir/build.make CMakeFiles/cmTC_f1c0b.dir/build
gmake[1]: Entering directory '/usr/src/app/build/CMakeFiles/CMakeScratch/TryCompile-Pt8sZP'
Building CXX object CMakeFiles/cmTC_f1c0b.dir/src.cxx.o
/usr/bin/c++ -DCOMPILER_SUPPORT_Qunusedarguments  -std=c++03 -pedantic -Wall -Wextra -Wundef -Wcast-align -Wchar-subscripts -Wnon-virtual-dtor -Wunused-local-typedefs -Wpointer-arith -Wwrite-strings -Wformat-security -Wlogical-op -Wenum-conversion -Wc++11-extensions -Wdouble-promotion -Wshadow -Wno-psabi -Wno-variadic-macros -Wno-long-long -fno-check-new -fno-common -fstrict-aliasing -Werror   -Qunused-arguments -o CMakeFiles/cmTC_f1c0b.dir/src.cxx.o -c /usr/src/app/build/CMakeFiles/CMakeScratch/TryCompile-Pt8sZP/src.cxx
c++: error: unrecognized command-line option '-Qunused-arguments'
gmake[1]: *** [CMakeFiles/cmTC_f1c0b.dir/build.make:78: CMakeFiles/cmTC_f1c0b.dir/src.cxx.o] Error 1
gmake[1]: Leaving directory '/usr/src/app/build/CMakeFiles/CMakeScratch/TryCompile-Pt8sZP'
gmake: *** [Makefile:127: cmTC_f1c0b/fast] Error 2


Source file was:
int main() { return 0; }

